  Examinando orígenes para las dependencias de módulo...
  main.cpp
C:\Program Files (x86)\Windows Kits\10\Include\10.0.26100.0\shared\minwindef.h(130,9): warning C4005: 'APIENTRY': redefinición de macro
  (compilando archivo de origen "main.cpp")
      C:\Workspace\desktop_vpet_framework\Libraries\include\glad\glad.h(32,9):
      vea la definición anterior de “APIENTRY”
  
C:\Workspace\desktop_vpet_framework\collision_manager.h(14,8): warning C4099: 'CollisionResult': nombre de tipo visto anteriormente usando 'class' ahora se ve usando 'struct'
  (compilando archivo de origen "main.cpp")
      C:\Workspace\desktop_vpet_framework\collision_manager.h(14,8):
      vea la declaración de 'CollisionResult'
  
C:\Workspace\desktop_vpet_framework\main.cpp(18,42): warning C4244: 'argumento': conversión de 'const T' a 'const GLuint'; posible pérdida de datos
C:\Workspace\desktop_vpet_framework\main.cpp(18,42): warning C4244:         with
C:\Workspace\desktop_vpet_framework\main.cpp(18,42): warning C4244:         [
C:\Workspace\desktop_vpet_framework\main.cpp(18,42): warning C4244:             T=float
C:\Workspace\desktop_vpet_framework\main.cpp(18,42): warning C4244:         ]
C:\Workspace\desktop_vpet_framework\main.cpp(18,27): warning C4244: 'argumento': conversión de 'const T' a 'const GLuint'; posible pérdida de datos
C:\Workspace\desktop_vpet_framework\main.cpp(18,27): warning C4244:         with
C:\Workspace\desktop_vpet_framework\main.cpp(18,27): warning C4244:         [
C:\Workspace\desktop_vpet_framework\main.cpp(18,27): warning C4244:             T=float
C:\Workspace\desktop_vpet_framework\main.cpp(18,27): warning C4244:         ]
  renderer_2d.cpp
  sprite.cpp
  texture.cpp
  Generando código...
  desktop_vpet.vcxproj -> C:\Workspace\desktop_vpet_framework\x64\Debug\desktop_vpet.exe
